<?xml version="1.0" encoding="UTF-8"?>
<!-- Generated by org.testng.reporters.JUnitReportReporter -->
<testsuite hostname="DESKTOP-U8F94J3" failures="0" tests="18" name="com.bridgelabz.spotify.Spotify_Api" time="9.820" errors="0" timestamp="2022-07-04T10:39:46 IST" skipped="0">
  <testcase classname="com.bridgelabz.spotify.Spotify_Api" name="get_Current_Users_Playlists" time="0.198"/>
  <system-out/>
  <testcase classname="com.bridgelabz.spotify.Spotify_Api" name="createPlaylist" time="0.328"/>
  <system-out/>
  <testcase classname="com.bridgelabz.spotify.Spotify_Api" name="getTracksAudioFeatures" time="0.152"/>
  <system-out/>
  <testcase classname="com.bridgelabz.spotify.Spotify_Api" name="getPlaylistCoverImage" time="0.227"/>
  <system-out/>
  <testcase classname="com.bridgelabz.spotify.Spotify_Api" name="updatePlaylistItems" time="0.260"/>
  <system-out/>
  <testcase classname="com.bridgelabz.spotify.Spotify_Api" name="get_Track" time="0.483"/>
  <system-out/>
  <testcase classname="com.bridgelabz.spotify.Spotify_Api" name="GetTrackAudioAnalysis" time="4.282"/>
  <system-out/>
  <testcase classname="com.bridgelabz.spotify.Spotify_Api" name="get_Playlist" time="0.288"/>
  <system-out/>
  <testcase classname="com.bridgelabz.spotify.Spotify_Api" name="RemovePlaylistItem" time="0.550"/>
  <system-out/>
  <testcase classname="com.bridgelabz.spotify.Spotify_Api" name="add_Items_to_Playlist" time="0.650"/>
  <system-out/>
  <testcase classname="com.bridgelabz.spotify.Spotify_Api" name="searchforItem" time="0.382"/>
  <system-out/>
  <testcase classname="com.bridgelabz.spotify.Spotify_Api" name="getSeveralTracks" time="0.237"/>
  <system-out/>
  <testcase classname="com.bridgelabz.spotify.Spotify_Api" name="change_Playlist_Details" time="0.290"/>
  <system-out/>
  <testcase classname="com.bridgelabz.spotify.Spotify_Api" name="get_Playlist_Items" time="0.327"/>
  <system-out/>
  <testcase classname="com.bridgelabz.spotify.Spotify_Api" name="get_Users_Playlists" time="0.198"/>
  <system-out/>
  <testcase classname="com.bridgelabz.spotify.Spotify_Api" name="getTrackAudioFeatures" time="0.171"/>
  <system-out/>
  <testcase classname="com.bridgelabz.spotify.Spotify_Api" name="testGet_CurrentUsersProfile" time="0.286"/>
  <system-out/>
  <testcase classname="com.bridgelabz.spotify.Spotify_Api" name="testGet_Users_Profile" time="0.511"/>
  <system-out/>
</testsuite> <!-- com.bridgelabz.spotify.Spotify_Api -->
